# JRE version: OpenJDK Runtime Environment Corretto-21.0.2.13.1 (21.0.2+13) (build 21.0.2+13-LTS)
# Java VM: OpenJDK 64-Bit Server VM Corretto-21.0.2.13.1 (21.0.2+13-LTS, mixed mode, sharing, tiered, compressed oops, compressed class ptrs, g1 gc, bsd-amd64)
Heap:
 garbage-first heap   total 673792K, used 415005K [0x0000000700000000, 0x0000000800000000)
  region size 2048K, 181 young (370688K), 1 survivors (2048K)
 Metaspace       used 16733K, committed 17088K, reserved 1114112K
  class space    used 2046K, committed 2176K, reserved 1048576K
GC Heap History (20 events):
Event: 16181.218 GC heap before
{Heap before GC invocations=995 (full 0):
 garbage-first heap   total 673792K, used 447347K [0x0000000700000000, 0x0000000800000000)
  region size 2048K, 197 young (403456K), 1 survivors (2048K)
 Metaspace       used 16692K, committed 16960K, reserved 1114112K
  class space    used 2039K, committed 2176K, reserved 1048576K
}
Event: 16181.219 GC heap after
{Heap after GC invocations=996 (full 0):
 garbage-first heap   total 673792K, used 47987K [0x0000000700000000, 0x0000000800000000)
  region size 2048K, 1 young (2048K), 1 survivors (2048K)
 Metaspace       used 16692K, committed 16960K, reserved 1114112K
  class space    used 2039K, committed 2176K, reserved 1048576K
}
Event: 16181.926 GC heap before
{Heap before GC invocations=996 (full 0):
 garbage-first heap   total 673792K, used 447347K [0x0000000700000000, 0x0000000800000000)
  region size 2048K, 197 young (403456K), 1 survivors (2048K)
 Metaspace       used 16692K, committed 16960K, reserved 1114112K
  class space    used 2039K, committed 2176K, reserved 1048576K
}
Event: 16181.926 GC heap after
{Heap after GC invocations=997 (full 0):
 garbage-first heap   total 673792K, used 47987K [0x0000000700000000, 0x0000000800000000)
  region size 2048K, 1 young (2048K), 1 survivors (2048K)
 Metaspace       used 16692K, committed 16960K, reserved 1114112K
  class space    used 2039K, committed 2176K, reserved 1048576K
}
Event: 16182.634 GC heap before
{Heap before GC invocations=997 (full 0):
 garbage-first heap   total 673792K, used 447347K [0x0000000700000000, 0x0000000800000000)
  region size 2048K, 197 young (403456K), 1 survivors (2048K)
 Metaspace       used 16692K, committed 16960K, reserved 1114112K
  class space    used 2039K, committed 2176K, reserved 1048576K
}
Event: 16182.635 GC heap after
{Heap after GC invocations=998 (full 0):
 garbage-first heap   total 673792K, used 47989K [0x0000000700000000, 0x0000000800000000)
  region size 2048K, 1 young (2048K), 1 survivors (2048K)
 Metaspace       used 16692K, committed 16960K, reserved 1114112K
  class space    used 2039K, committed 2176K, reserved 1048576K
}
Event: 16183.335 GC heap before
{Heap before GC invocations=998 (full 0):
 garbage-first heap   total 673792K, used 447349K [0x0000000700000000, 0x0000000800000000)
  region size 2048K, 197 young (403456K), 1 survivors (2048K)
 Metaspace       used 16692K, committed 16960K, reserved 1114112K
  class space    used 2039K, committed 2176K, reserved 1048576K
}
Event: 16183.337 GC heap after
{Heap after GC invocations=999 (full 0):
 garbage-first heap   total 673792K, used 47991K [0x0000000700000000, 0x0000000800000000)
  region size 2048K, 1 young (2048K), 1 survivors (2048K)
 Metaspace       used 16692K, committed 16960K, reserved 1114112K
  class space    used 2039K, committed 2176K, reserved 1048576K
}
Event: 16184.102 GC heap before
{Heap before GC invocations=999 (full 0):
 garbage-first heap   total 673792K, used 447351K [0x0000000700000000, 0x0000000800000000)
  region size 2048K, 197 young (403456K), 1 survivors (2048K)
 Metaspace       used 16692K, committed 16960K, reserved 1114112K
  class space    used 2039K, committed 2176K, reserved 1048576K
}
Event: 16184.104 GC heap after
{Heap after GC invocations=1000 (full 0):
 garbage-first heap   total 673792K, used 47987K [0x0000000700000000, 0x0000000800000000)
  region size 2048K, 1 young (2048K), 1 survivors (2048K)
 Metaspace       used 16692K, committed 16960K, reserved 1114112K
  class space    used 2039K, committed 2176K, reserved 1048576K
}
Event: 16184.803 GC heap before
{Heap before GC invocations=1000 (full 0):
 garbage-first heap   total 673792K, used 447347K [0x0000000700000000, 0x0000000800000000)
  region size 2048K, 197 young (403456K), 1 survivors (2048K)
 Metaspace       used 16692K, committed 16960K, reserved 1114112K
  class space    used 2039K, committed 2176K, reserved 1048576K
}
Event: 16184.804 GC heap after
{Heap after GC invocations=1001 (full 0):
 garbage-first heap   total 673792K, used 47989K [0x0000000700000000, 0x0000000800000000)
  region size 2048K, 1 young (2048K), 1 survivors (2048K)
 Metaspace       used 16692K, committed 16960K, reserved 1114112K
  class space    used 2039K, committed 2176K, reserved 1048576K
}
Event: 16185.509 GC heap before
{Heap before GC invocations=1001 (full 0):
 garbage-first heap   total 673792K, used 447349K [0x0000000700000000, 0x0000000800000000)
  region size 2048K, 197 young (403456K), 1 survivors (2048K)
 Metaspace       used 16692K, committed 16960K, reserved 1114112K
  class space    used 2039K, committed 2176K, reserved 1048576K
}
Event: 16185.510 GC heap after
{Heap after GC invocations=1002 (full 0):
 garbage-first heap   total 673792K, used 47987K [0x0000000700000000, 0x0000000800000000)
  region size 2048K, 1 young (2048K), 1 survivors (2048K)
 Metaspace       used 16692K, committed 16960K, reserved 1114112K
  class space    used 2039K, committed 2176K, reserved 1048576K
}
Event: 16186.205 GC heap before
{Heap before GC invocations=1002 (full 0):
 garbage-first heap   total 673792K, used 447347K [0x0000000700000000, 0x0000000800000000)
  region size 2048K, 197 young (403456K), 1 survivors (2048K)
 Metaspace       used 16692K, committed 16960K, reserved 1114112K
  class space    used 2039K, committed 2176K, reserved 1048576K
}
Event: 16186.206 GC heap after
{Heap after GC invocations=1003 (full 0):
 garbage-first heap   total 673792K, used 47985K [0x0000000700000000, 0x0000000800000000)
  region size 2048K, 1 young (2048K), 1 survivors (2048K)
 Metaspace       used 16692K, committed 16960K, reserved 1114112K
  class space    used 2039K, committed 2176K, reserved 1048576K
}
Event: 16186.966 GC heap before
{Heap before GC invocations=1003 (full 0):
 garbage-first heap   total 673792K, used 447345K [0x0000000700000000, 0x0000000800000000)
  region size 2048K, 197 young (403456K), 1 survivors (2048K)
 Metaspace       used 16692K, committed 16960K, reserved 1114112K
  class space    used 2039K, committed 2176K, reserved 1048576K
}
Event: 16186.969 GC heap after
{Heap after GC invocations=1004 (full 0):
 garbage-first heap   total 673792K, used 47985K [0x0000000700000000, 0x0000000800000000)
  region size 2048K, 1 young (2048K), 1 survivors (2048K)
 Metaspace       used 16692K, committed 16960K, reserved 1114112K
  class space    used 2039K, committed 2176K, reserved 1048576K
}
Event: 16188.540 GC heap before
{Heap before GC invocations=1004 (full 0):
 garbage-first heap   total 673792K, used 447345K [0x0000000700000000, 0x0000000800000000)
  region size 2048K, 197 young (403456K), 1 survivors (2048K)
 Metaspace       used 16692K, committed 16960K, reserved 1114112K
  class space    used 2039K, committed 2176K, reserved 1048576K
}
Event: 16188.541 GC heap after
{Heap after GC invocations=1005 (full 0):
 garbage-first heap   total 673792K, used 47987K [0x0000000700000000, 0x0000000800000000)
  region size 2048K, 1 young (2048K), 1 survivors (2048K)
 Metaspace       used 16692K, committed 16960K, reserved 1114112K
  class space    used 2039K, committed 2176K, reserved 1048576K
}

